<?xml version="1.0" encoding="UTF-8"?>
<!-- Generated by org.testng.reporters.JUnitXMLReporter -->
<testsuite hostname="DESKTOP-BI3LN8P" ignored="2" name="Test2" tests="2" failures="0" timestamp="2022-05-27T11:50:49 IST" time="0.281" errors="0">
  <testcase name="@BeforeTest openBrowser" time="0.015" classname="com.actitime.generics.BaseClass">
    <failure type="java.lang.NullPointerException">
      <![CDATA[java.lang.NullPointerException
at com.actitime.generics.BaseClass.openBrowser(BaseClass.java:38)
at java.util.concurrent.FutureTask.run(FutureTask.java:266)
at java.util.concurrent.ThreadPoolExecutor.runWorker(ThreadPoolExecutor.java:1149)
at java.util.concurrent.ThreadPoolExecutor$Worker.run(ThreadPoolExecutor.java:624)
at java.lang.Thread.run(Thread.java:748)
... Removed 15 stack frames]]>
    </failure>
  </testcase> <!-- @BeforeTest openBrowser -->
  <testcase name="@BeforeMethod login" time="-1.653632449571E9" classname="com.actitime.generics.BaseClass">
    <skipped/>
  </testcase> <!-- @BeforeMethod login -->
  <testcase name="@AfterMethod logOut" time="-1.653632449602E9" classname="com.actitime.generics.BaseClass">
    <skipped/>
  </testcase> <!-- @AfterMethod logOut -->
  <testcase name="@BeforeMethod login" time="-1.653632449633E9" classname="com.actitime.generics.BaseClass">
    <skipped/>
  </testcase> <!-- @BeforeMethod login -->
  <testcase name="@AfterMethod logOut" time="-1.653632449649E9" classname="com.actitime.generics.BaseClass">
    <skipped/>
  </testcase> <!-- @AfterMethod logOut -->
  <testcase name="@AfterTest closeBrowser" time="-1.65363244968E9" classname="com.actitime.generics.BaseClass">
    <skipped/>
  </testcase> <!-- @AfterTest closeBrowser -->
  <testcase name="createProject" time="0.0" classname="com.actitime.testscript.ProjectForParellel">
    <skipped/>
  </testcase> <!-- createProject -->
  <testcase name="createTask" time="0.0" classname="com.actitime.testscript.TaskForParellel">
    <skipped/>
  </testcase> <!-- createTask -->
  <testcase name="@AfterTest closeBrowser" time="0.0" classname="com.actitime.generics.BaseClass">
    <ignored/>
  </testcase> <!-- @AfterTest closeBrowser -->
  <testcase name="@BeforeTest openBrowser" time="0.0" classname="com.actitime.generics.BaseClass">
    <ignored/>
  </testcase> <!-- @BeforeTest openBrowser -->
</testsuite> <!-- Test2 -->
