<?xml version="1.0" encoding="UTF-8"?>
<!-- Generated by org.testng.reporters.JUnitXMLReporter -->
<testsuite hostname="DESKTOP-BI3LN8P" ignored="3" name="Test" tests="6" failures="0" timestamp="2022-05-30T12:05:11 IST" time="0.193" errors="0">
  <testcase name="createTask" time="0.016" classname="com.actitime.testscript.TaskModuleForGroup"/>
  <testcase name="modifyTask" time="0.0" classname="com.actitime.testscript.TaskModuleForGroup"/>
  <testcase name="createCostomer" time="0.0" classname="com.actitime.testscript.CostomerModuleForGroup"/>
  <testcase name="modifyCustomer" time="0.0" classname="com.actitime.testscript.CostomerModuleForGroup"/>
  <testcase name="createProject" time="0.0" classname="com.actitime.testscript.ProjectModuleForGroup"/>
  <testcase name="modifyProject" time="0.0" classname="com.actitime.testscript.ProjectModuleForGroup"/>
  <testcase name="deleteTask" time="0.0" classname="com.actitime.testscript.TaskModuleForGroup">
    <ignored/>
  </testcase> <!-- deleteTask -->
  <testcase name="deleteProject" time="0.0" classname="com.actitime.testscript.ProjectModuleForGroup">
    <ignored/>
  </testcase> <!-- deleteProject -->
  <testcase name="deleteCustomer" time="0.0" classname="com.actitime.testscript.CostomerModuleForGroup">
    <ignored/>
  </testcase> <!-- deleteCustomer -->
</testsuite> <!-- Test -->
