<?xml version="1.0" encoding="UTF-8"?>
<testng-results skipped="0" failed="0" ignored="0" total="1" passed="1">
  <reporter-output>
  </reporter-output>
  <suite name="Default suite" duration-ms="29450" started-at="2022-06-01T17:48:02 IST" finished-at="2022-06-01T17:48:32 IST">
    <groups>
    </groups>
    <test name="Default test" duration-ms="29450" started-at="2022-06-01T17:48:02 IST" finished-at="2022-06-01T17:48:32 IST">
      <class name="com.actitime.POM.TestForActitime">
        <test-method status="PASS" signature="testActitime()[pri:0, instance:com.actitime.POM.TestForActitime@bd8db5a]" name="testActitime" duration-ms="29193" started-at="2022-06-01T17:48:02 IST" finished-at="2022-06-01T17:48:32 IST">
          <reporter-output>
          </reporter-output>
        </test-method> <!-- testActitime -->
      </class> <!-- com.actitime.POM.TestForActitime -->
    </test> <!-- Default test -->
  </suite> <!-- Default suite -->
</testng-results>
